This is pdfTeX, Version 3.141592653-2.6-1.40.22 (TeX Live 2022/dev/Debian) (preloaded format=pdflatex 2024.10.1)  14 FEB 2025 16:18
entering extended mode
 restricted \write18 enabled.
 %&-line parsing enabled.
**main.tex
(./main.tex
LaTeX2e <2021-11-15> patch level 1
L3 programming layer <2022-01-21>
(/usr/share/texlive/texmf-dist/tex/latex/base/book.cls
Document Class: book 2021/10/04 v1.4n Standard LaTeX document class
(/usr/share/texlive/texmf-dist/tex/latex/base/bk10.clo
File: bk10.clo 2021/10/04 v1.4n Standard LaTeX file (size option)
)
\c@part=\count185
\c@chapter=\count186
\c@section=\count187
\c@subsection=\count188
\c@subsubsection=\count189
\c@paragraph=\count190
\c@subparagraph=\count191
\c@figure=\count192
\c@table=\count193
\abovecaptionskip=\skip47
\belowcaptionskip=\skip48
\bibindent=\dimen138
)
(/usr/share/texlive/texmf-dist/tex/latex/geometry/geometry.sty
Package: geometry 2020/01/02 v5.9 Page Geometry

(/usr/share/texlive/texmf-dist/tex/latex/graphics/keyval.sty
Package: keyval 2014/10/28 v1.15 key=value parser (DPC)
\KV@toks@=\toks16
)
(/usr/share/texlive/texmf-dist/tex/generic/iftex/ifvtex.sty
Package: ifvtex 2019/10/25 v1.7 ifvtex legacy package. Use iftex instead.

(/usr/share/texlive/texmf-dist/tex/generic/iftex/iftex.sty
Package: iftex 2020/03/06 v1.0d TeX engine tests
))
\Gm@cnth=\count194
\Gm@cntv=\count195
\c@Gm@tempcnt=\count196
\Gm@bindingoffset=\dimen139
\Gm@wd@mp=\dimen140
\Gm@odd@mp=\dimen141
\Gm@even@mp=\dimen142
\Gm@layoutwidth=\dimen143
\Gm@layoutheight=\dimen144
\Gm@layouthoffset=\dimen145
\Gm@layoutvoffset=\dimen146
\Gm@dimlist=\toks17
)
(/usr/share/texlive/texmf-dist/tex/latex/base/inputenc.sty
Package: inputenc 2021/02/14 v1.3d Input encoding file
\inpenc@prehook=\toks18
\inpenc@posthook=\toks19
)
(/usr/share/texlive/texmf-dist/tex/latex/base/fontenc.sty
Package: fontenc 2021/04/29 v2.0v Standard LaTeX package
)
(/usr/share/texlive/texmf-dist/tex/generic/babel/babel.sty
Package: babel 2022/01/26 3.70 The Babel package
\babel@savecnt=\count197
\U@D=\dimen147
\l@unhyphenated=\language87

(/usr/share/texlive/texmf-dist/tex/generic/babel/txtbabel.def)
\bbl@readstream=\read2
\bbl@dirlevel=\count198

(/usr/share/texlive/texmf-dist/tex/generic/babel-italian/italian.ldf
Language: italian 2020/05/21 v.1.4.04 Italian support for the babel system
\it@lettering=\count199
\it@doublequoteactive=\count266
\it@ISOcompliance=\count267
))
(/usr/share/texlive/texmf-dist/tex/latex/etoolbox/etoolbox.sty
Package: etoolbox 2020/10/05 v2.5k e-TeX tools for LaTeX (JAW)
\etb@tempcnta=\count268
)
(/usr/share/texlive/texmf-dist/tex/latex/graphics/graphicx.sty
Package: graphicx 2021/09/16 v1.2d Enhanced LaTeX Graphics (DPC,SPQR)

(/usr/share/texlive/texmf-dist/tex/latex/graphics/graphics.sty
Package: graphics 2021/03/04 v1.4d Standard LaTeX Graphics (DPC,SPQR)

(/usr/share/texlive/texmf-dist/tex/latex/graphics/trig.sty
Package: trig 2021/08/11 v1.11 sin cos tan (DPC)
)
(/usr/share/texlive/texmf-dist/tex/latex/graphics-cfg/graphics.cfg
File: graphics.cfg 2016/06/04 v1.11 sample graphics configuration
)
Package graphics Info: Driver file: pdftex.def on input line 107.

(/usr/share/texlive/texmf-dist/tex/latex/graphics-def/pdftex.def
File: pdftex.def 2020/10/05 v1.2a Graphics/color driver for pdftex
))
\Gin@req@height=\dimen148
\Gin@req@width=\dimen149
)
(/usr/share/texlive/texmf-dist/tex/latex/hyperref/hyperref.sty
Package: hyperref 2021-06-07 v7.00m Hypertext links for LaTeX

(/usr/share/texlive/texmf-dist/tex/generic/ltxcmds/ltxcmds.sty
Package: ltxcmds 2020-05-10 v1.25 LaTeX kernel commands for general use (HO)
)
(/usr/share/texlive/texmf-dist/tex/generic/pdftexcmds/pdftexcmds.sty
Package: pdftexcmds 2020-06-27 v0.33 Utility functions of pdfTeX for LuaTeX (HO
)

(/usr/share/texlive/texmf-dist/tex/generic/infwarerr/infwarerr.sty
Package: infwarerr 2019/12/03 v1.5 Providing info/warning/error messages (HO)
)
Package pdftexcmds Info: \pdf@primitive is available.
Package pdftexcmds Info: \pdf@ifprimitive is available.
Package pdftexcmds Info: \pdfdraftmode found.
)
(/usr/share/texlive/texmf-dist/tex/generic/kvsetkeys/kvsetkeys.sty
Package: kvsetkeys 2019/12/15 v1.18 Key value parser (HO)
)
(/usr/share/texlive/texmf-dist/tex/generic/kvdefinekeys/kvdefinekeys.sty
Package: kvdefinekeys 2019-12-19 v1.6 Define keys (HO)
)
(/usr/share/texlive/texmf-dist/tex/generic/pdfescape/pdfescape.sty
Package: pdfescape 2019/12/09 v1.15 Implements pdfTeX's escape features (HO)
)
(/usr/share/texlive/texmf-dist/tex/latex/hycolor/hycolor.sty
Package: hycolor 2020-01-27 v1.10 Color options for hyperref/bookmark (HO)
)
(/usr/share/texlive/texmf-dist/tex/latex/letltxmacro/letltxmacro.sty
Package: letltxmacro 2019/12/03 v1.6 Let assignment for LaTeX macros (HO)
)
(/usr/share/texlive/texmf-dist/tex/latex/auxhook/auxhook.sty
Package: auxhook 2019-12-17 v1.6 Hooks for auxiliary files (HO)
)
(/usr/share/texlive/texmf-dist/tex/latex/kvoptions/kvoptions.sty
Package: kvoptions 2020-10-07 v3.14 Key value format for package options (HO)
)
\@linkdim=\dimen150
\Hy@linkcounter=\count269
\Hy@pagecounter=\count270

(/usr/share/texlive/texmf-dist/tex/latex/hyperref/pd1enc.def
File: pd1enc.def 2021-06-07 v7.00m Hyperref: PDFDocEncoding definition (HO)
Now handling font encoding PD1 ...
... no UTF-8 mapping file for font encoding PD1
)
(/usr/share/texlive/texmf-dist/tex/latex/hyperref/hyperref-langpatches.def
File: hyperref-langpatches.def 2021-06-07 v7.00m Hyperref: patches for babel la
nguages
)
(/usr/share/texlive/texmf-dist/tex/generic/intcalc/intcalc.sty
Package: intcalc 2019/12/15 v1.3 Expandable calculations with integers (HO)
)
(/usr/share/texlive/texmf-dist/tex/generic/etexcmds/etexcmds.sty
Package: etexcmds 2019/12/15 v1.7 Avoid name clashes with e-TeX commands (HO)
)
\Hy@SavedSpaceFactor=\count271

(/usr/share/texlive/texmf-dist/tex/latex/hyperref/puenc.def
File: puenc.def 2021-06-07 v7.00m Hyperref: PDF Unicode definition (HO)
Now handling font encoding PU ...
... no UTF-8 mapping file for font encoding PU
)
Package hyperref Info: Hyper figures OFF on input line 4192.
Package hyperref Info: Link nesting OFF on input line 4197.
Package hyperref Info: Hyper index ON on input line 4200.
Package hyperref Info: Plain pages OFF on input line 4207.
Package hyperref Info: Backreferencing OFF on input line 4212.
Package hyperref Info: Implicit mode ON; LaTeX internals redefined.
Package hyperref Info: Bookmarks ON on input line 4445.
\c@Hy@tempcnt=\count272

(/usr/share/texlive/texmf-dist/tex/latex/url/url.sty
\Urlmuskip=\muskip16
Package: url 2013/09/16  ver 3.4  Verb mode for urls, etc.
)
LaTeX Info: Redefining \url on input line 4804.
\XeTeXLinkMargin=\dimen151

(/usr/share/texlive/texmf-dist/tex/generic/bitset/bitset.sty
Package: bitset 2019/12/09 v1.3 Handle bit-vector datatype (HO)

(/usr/share/texlive/texmf-dist/tex/generic/bigintcalc/bigintcalc.sty
Package: bigintcalc 2019/12/15 v1.5 Expandable calculations on big integers (HO
)
))
\Fld@menulength=\count273
\Field@Width=\dimen152
\Fld@charsize=\dimen153
Package hyperref Info: Hyper figures OFF on input line 6076.
Package hyperref Info: Link nesting OFF on input line 6081.
Package hyperref Info: Hyper index ON on input line 6084.
Package hyperref Info: backreferencing OFF on input line 6091.
Package hyperref Info: Link coloring OFF on input line 6096.
Package hyperref Info: Link coloring with OCG OFF on input line 6101.
Package hyperref Info: PDF/A mode OFF on input line 6106.
LaTeX Info: Redefining \ref on input line 6146.
LaTeX Info: Redefining \pageref on input line 6150.

(/usr/share/texlive/texmf-dist/tex/latex/base/atbegshi-ltx.sty
Package: atbegshi-ltx 2021/01/10 v1.0c Emulation of the original atbegshi
package with kernel methods
)
\Hy@abspage=\count274
\c@Item=\count275
\c@Hfootnote=\count276
)
Package hyperref Info: Driver (autodetected): hpdftex.

(/usr/share/texlive/texmf-dist/tex/latex/hyperref/hpdftex.def
File: hpdftex.def 2021-06-07 v7.00m Hyperref driver for pdfTeX

(/usr/share/texlive/texmf-dist/tex/latex/base/atveryend-ltx.sty
Package: atveryend-ltx 2020/08/19 v1.0a Emulation of the original atveryend pac
kage
with kernel methods
)
\Fld@listcount=\count277
\c@bookmark@seq@number=\count278

(/usr/share/texlive/texmf-dist/tex/latex/rerunfilecheck/rerunfilecheck.sty
Package: rerunfilecheck 2019/12/05 v1.9 Rerun checks for auxiliary files (HO)

(/usr/share/texlive/texmf-dist/tex/generic/uniquecounter/uniquecounter.sty
Package: uniquecounter 2019/12/15 v1.4 Provide unlimited unique counter (HO)
)
Package uniquecounter Info: New unique counter `rerunfilecheck' on input line 2
86.
)
\Hy@SectionHShift=\skip49
)
(/usr/share/texlive/texmf-dist/tex/latex/amsmath/amsmath.sty
Package: amsmath 2021/10/15 v2.17l AMS math features
\@mathmargin=\skip50

For additional information on amsmath, use the `?' option.
(/usr/share/texlive/texmf-dist/tex/latex/amsmath/amstext.sty
Package: amstext 2021/08/26 v2.01 AMS text

(/usr/share/texlive/texmf-dist/tex/latex/amsmath/amsgen.sty
File: amsgen.sty 1999/11/30 v2.0 generic functions
\@emptytoks=\toks20
\ex@=\dimen154
))
(/usr/share/texlive/texmf-dist/tex/latex/amsmath/amsbsy.sty
Package: amsbsy 1999/11/29 v1.2d Bold Symbols
\pmbraise@=\dimen155
)
(/usr/share/texlive/texmf-dist/tex/latex/amsmath/amsopn.sty
Package: amsopn 2021/08/26 v2.02 operator names
)
\inf@bad=\count279
LaTeX Info: Redefining \frac on input line 234.
\uproot@=\count280
\leftroot@=\count281
LaTeX Info: Redefining \overline on input line 399.
\classnum@=\count282
\DOTSCASE@=\count283
LaTeX Info: Redefining \ldots on input line 496.
LaTeX Info: Redefining \dots on input line 499.
LaTeX Info: Redefining \cdots on input line 620.
\Mathstrutbox@=\box50
\strutbox@=\box51
\big@size=\dimen156
LaTeX Font Info:    Redeclaring font encoding OML on input line 743.
LaTeX Font Info:    Redeclaring font encoding OMS on input line 744.
\macc@depth=\count284
\c@MaxMatrixCols=\count285
\dotsspace@=\muskip17
\c@parentequation=\count286
\dspbrk@lvl=\count287
\tag@help=\toks21
\row@=\count288
\column@=\count289
\maxfields@=\count290
\andhelp@=\toks22
\eqnshift@=\dimen157
\alignsep@=\dimen158
\tagshift@=\dimen159
\tagwidth@=\dimen160
\totwidth@=\dimen161
\lineht@=\dimen162
\@envbody=\toks23
\multlinegap=\skip51
\multlinetaggap=\skip52
\mathdisplay@stack=\toks24
LaTeX Info: Redefining \[ on input line 2938.
LaTeX Info: Redefining \] on input line 2939.
)
(/usr/share/texlive/texmf-dist/tex/latex/amsfonts/amssymb.sty
Package: amssymb 2013/01/14 v3.01 AMS font symbols

(/usr/share/texlive/texmf-dist/tex/latex/amsfonts/amsfonts.sty
Package: amsfonts 2013/01/14 v3.01 Basic AMSFonts support
\symAMSa=\mathgroup4
\symAMSb=\mathgroup5
LaTeX Font Info:    Redeclaring math symbol \hbar on input line 98.
LaTeX Font Info:    Overwriting math alphabet `\mathfrak' in version `bold'
(Font)                  U/euf/m/n --> U/euf/b/n on input line 106.
))
(/usr/share/texlive/texmf-dist/tex/latex/tcolorbox/tcolorbox.sty
Package: tcolorbox 2022/01/07 version 5.0.2 text color boxes

(/usr/share/texlive/texmf-dist/tex/latex/pgf/basiclayer/pgf.sty
(/usr/share/texlive/texmf-dist/tex/latex/pgf/utilities/pgfrcs.sty
(/usr/share/texlive/texmf-dist/tex/generic/pgf/utilities/pgfutil-common.tex
\pgfutil@everybye=\toks25
\pgfutil@tempdima=\dimen163
\pgfutil@tempdimb=\dimen164

(/usr/share/texlive/texmf-dist/tex/generic/pgf/utilities/pgfutil-common-lists.t
ex)) (/usr/share/texlive/texmf-dist/tex/generic/pgf/utilities/pgfutil-latex.def
\pgfutil@abb=\box52
) (/usr/share/texlive/texmf-dist/tex/generic/pgf/utilities/pgfrcs.code.tex
(/usr/share/texlive/texmf-dist/tex/generic/pgf/pgf.revision.tex)
Package: pgfrcs 2021/05/15 v3.1.9a (3.1.9a)
))
Package: pgf 2021/05/15 v3.1.9a (3.1.9a)

(/usr/share/texlive/texmf-dist/tex/latex/pgf/basiclayer/pgfcore.sty
(/usr/share/texlive/texmf-dist/tex/latex/pgf/systemlayer/pgfsys.sty
(/usr/share/texlive/texmf-dist/tex/generic/pgf/systemlayer/pgfsys.code.tex
Package: pgfsys 2021/05/15 v3.1.9a (3.1.9a)

(/usr/share/texlive/texmf-dist/tex/generic/pgf/utilities/pgfkeys.code.tex
\pgfkeys@pathtoks=\toks26
\pgfkeys@temptoks=\toks27

(/usr/share/texlive/texmf-dist/tex/generic/pgf/utilities/pgfkeysfiltered.code.t
ex
\pgfkeys@tmptoks=\toks28
))
\pgf@x=\dimen165
\pgf@y=\dimen166
\pgf@xa=\dimen167
\pgf@ya=\dimen168
\pgf@xb=\dimen169
\pgf@yb=\dimen170
\pgf@xc=\dimen171
\pgf@yc=\dimen172
\pgf@xd=\dimen173
\pgf@yd=\dimen174
\w@pgf@writea=\write3
\r@pgf@reada=\read3
\c@pgf@counta=\count291
\c@pgf@countb=\count292
\c@pgf@countc=\count293
\c@pgf@countd=\count294
\t@pgf@toka=\toks29
\t@pgf@tokb=\toks30
\t@pgf@tokc=\toks31
\pgf@sys@id@count=\count295
 (/usr/share/texlive/texmf-dist/tex/generic/pgf/systemlayer/pgf.cfg
File: pgf.cfg 2021/05/15 v3.1.9a (3.1.9a)
)
Driver file for pgf: pgfsys-pdftex.def

(/usr/share/texlive/texmf-dist/tex/generic/pgf/systemlayer/pgfsys-pdftex.def
File: pgfsys-pdftex.def 2021/05/15 v3.1.9a (3.1.9a)

(/usr/share/texlive/texmf-dist/tex/generic/pgf/systemlayer/pgfsys-common-pdf.de
f
File: pgfsys-common-pdf.def 2021/05/15 v3.1.9a (3.1.9a)
)))
(/usr/share/texlive/texmf-dist/tex/generic/pgf/systemlayer/pgfsyssoftpath.code.
tex
File: pgfsyssoftpath.code.tex 2021/05/15 v3.1.9a (3.1.9a)
\pgfsyssoftpath@smallbuffer@items=\count296
\pgfsyssoftpath@bigbuffer@items=\count297
)
(/usr/share/texlive/texmf-dist/tex/generic/pgf/systemlayer/pgfsysprotocol.code.
tex
File: pgfsysprotocol.code.tex 2021/05/15 v3.1.9a (3.1.9a)
)) (/usr/share/texlive/texmf-dist/tex/latex/xcolor/xcolor.sty
Package: xcolor 2021/10/31 v2.13 LaTeX color extensions (UK)

(/usr/share/texlive/texmf-dist/tex/latex/graphics-cfg/color.cfg
File: color.cfg 2016/01/02 v1.6 sample color configuration
)
Package xcolor Info: Driver file: pdftex.def on input line 227.
Package xcolor Info: Model `cmy' substituted by `cmy0' on input line 1352.
Package xcolor Info: Model `hsb' substituted by `rgb' on input line 1356.
Package xcolor Info: Model `RGB' extended on input line 1368.
Package xcolor Info: Model `HTML' substituted by `rgb' on input line 1370.
Package xcolor Info: Model `Hsb' substituted by `hsb' on input line 1371.
Package xcolor Info: Model `tHsb' substituted by `hsb' on input line 1372.
Package xcolor Info: Model `HSB' substituted by `hsb' on input line 1373.
Package xcolor Info: Model `Gray' substituted by `gray' on input line 1374.
Package xcolor Info: Model `wave' substituted by `hsb' on input line 1375.
)
(/usr/share/texlive/texmf-dist/tex/generic/pgf/basiclayer/pgfcore.code.tex
Package: pgfcore 2021/05/15 v3.1.9a (3.1.9a)

(/usr/share/texlive/texmf-dist/tex/generic/pgf/math/pgfmath.code.tex
(/usr/share/texlive/texmf-dist/tex/generic/pgf/math/pgfmathcalc.code.tex
(/usr/share/texlive/texmf-dist/tex/generic/pgf/math/pgfmathutil.code.tex)
(/usr/share/texlive/texmf-dist/tex/generic/pgf/math/pgfmathparser.code.tex
\pgfmath@dimen=\dimen175
\pgfmath@count=\count298
\pgfmath@box=\box53
\pgfmath@toks=\toks32
\pgfmath@stack@operand=\toks33
\pgfmath@stack@operation=\toks34
)
(/usr/share/texlive/texmf-dist/tex/generic/pgf/math/pgfmathfunctions.code.tex
(/usr/share/texlive/texmf-dist/tex/generic/pgf/math/pgfmathfunctions.basic.code
.tex)
(/usr/share/texlive/texmf-dist/tex/generic/pgf/math/pgfmathfunctions.trigonomet
ric.code.tex)
(/usr/share/texlive/texmf-dist/tex/generic/pgf/math/pgfmathfunctions.random.cod
e.tex)
(/usr/share/texlive/texmf-dist/tex/generic/pgf/math/pgfmathfunctions.comparison
.code.tex)
(/usr/share/texlive/texmf-dist/tex/generic/pgf/math/pgfmathfunctions.base.code.
tex)
(/usr/share/texlive/texmf-dist/tex/generic/pgf/math/pgfmathfunctions.round.code
.tex)
(/usr/share/texlive/texmf-dist/tex/generic/pgf/math/pgfmathfunctions.misc.code.
tex)
(/usr/share/texlive/texmf-dist/tex/generic/pgf/math/pgfmathfunctions.integerari
thmetics.code.tex)))
(/usr/share/texlive/texmf-dist/tex/generic/pgf/math/pgfmathfloat.code.tex
\c@pgfmathroundto@lastzeros=\count299
))
(/usr/share/texlive/texmf-dist/tex/generic/pgf/math/pgfint.code.tex)
(/usr/share/texlive/texmf-dist/tex/generic/pgf/basiclayer/pgfcorepoints.code.te
x
File: pgfcorepoints.code.tex 2021/05/15 v3.1.9a (3.1.9a)
\pgf@picminx=\dimen176
\pgf@picmaxx=\dimen177
\pgf@picminy=\dimen178
\pgf@picmaxy=\dimen179
\pgf@pathminx=\dimen180
\pgf@pathmaxx=\dimen181
\pgf@pathminy=\dimen182
\pgf@pathmaxy=\dimen183
\pgf@xx=\dimen184
\pgf@xy=\dimen185
\pgf@yx=\dimen186
\pgf@yy=\dimen187
\pgf@zx=\dimen188
\pgf@zy=\dimen189
)
(/usr/share/texlive/texmf-dist/tex/generic/pgf/basiclayer/pgfcorepathconstruct.
code.tex
File: pgfcorepathconstruct.code.tex 2021/05/15 v3.1.9a (3.1.9a)
\pgf@path@lastx=\dimen190
\pgf@path@lasty=\dimen191
)
(/usr/share/texlive/texmf-dist/tex/generic/pgf/basiclayer/pgfcorepathusage.code
.tex
File: pgfcorepathusage.code.tex 2021/05/15 v3.1.9a (3.1.9a)
\pgf@shorten@end@additional=\dimen192
\pgf@shorten@start@additional=\dimen193
)
(/usr/share/texlive/texmf-dist/tex/generic/pgf/basiclayer/pgfcorescopes.code.te
x
File: pgfcorescopes.code.tex 2021/05/15 v3.1.9a (3.1.9a)
\pgfpic=\box54
\pgf@hbox=\box55
\pgf@layerbox@main=\box56
\pgf@picture@serial@count=\count300
)
(/usr/share/texlive/texmf-dist/tex/generic/pgf/basiclayer/pgfcoregraphicstate.c
ode.tex
File: pgfcoregraphicstate.code.tex 2021/05/15 v3.1.9a (3.1.9a)
\pgflinewidth=\dimen194
)
(/usr/share/texlive/texmf-dist/tex/generic/pgf/basiclayer/pgfcoretransformation
s.code.tex
File: pgfcoretransformations.code.tex 2021/05/15 v3.1.9a (3.1.9a)
\pgf@pt@x=\dimen195
\pgf@pt@y=\dimen196
\pgf@pt@temp=\dimen197
)
(/usr/share/texlive/texmf-dist/tex/generic/pgf/basiclayer/pgfcorequick.code.tex
File: pgfcorequick.code.tex 2021/05/15 v3.1.9a (3.1.9a)
)
(/usr/share/texlive/texmf-dist/tex/generic/pgf/basiclayer/pgfcoreobjects.code.t
ex
File: pgfcoreobjects.code.tex 2021/05/15 v3.1.9a (3.1.9a)
)
(/usr/share/texlive/texmf-dist/tex/generic/pgf/basiclayer/pgfcorepathprocessing
.code.tex
File: pgfcorepathprocessing.code.tex 2021/05/15 v3.1.9a (3.1.9a)
)
(/usr/share/texlive/texmf-dist/tex/generic/pgf/basiclayer/pgfcorearrows.code.te
x
File: pgfcorearrows.code.tex 2021/05/15 v3.1.9a (3.1.9a)
\pgfarrowsep=\dimen198
)
(/usr/share/texlive/texmf-dist/tex/generic/pgf/basiclayer/pgfcoreshade.code.tex
File: pgfcoreshade.code.tex 2021/05/15 v3.1.9a (3.1.9a)
\pgf@max=\dimen199
\pgf@sys@shading@range@num=\count301
\pgf@shadingcount=\count302
)
(/usr/share/texlive/texmf-dist/tex/generic/pgf/basiclayer/pgfcoreimage.code.tex
File: pgfcoreimage.code.tex 2021/05/15 v3.1.9a (3.1.9a)

(/usr/share/texlive/texmf-dist/tex/generic/pgf/basiclayer/pgfcoreexternal.code.
tex
File: pgfcoreexternal.code.tex 2021/05/15 v3.1.9a (3.1.9a)
\pgfexternal@startupbox=\box57
))
(/usr/share/texlive/texmf-dist/tex/generic/pgf/basiclayer/pgfcorelayers.code.te
x
File: pgfcorelayers.code.tex 2021/05/15 v3.1.9a (3.1.9a)
)
(/usr/share/texlive/texmf-dist/tex/generic/pgf/basiclayer/pgfcoretransparency.c
ode.tex
File: pgfcoretransparency.code.tex 2021/05/15 v3.1.9a (3.1.9a)
)
(/usr/share/texlive/texmf-dist/tex/generic/pgf/basiclayer/pgfcorepatterns.code.
tex
File: pgfcorepatterns.code.tex 2021/05/15 v3.1.9a (3.1.9a)
)
(/usr/share/texlive/texmf-dist/tex/generic/pgf/basiclayer/pgfcorerdf.code.tex
File: pgfcorerdf.code.tex 2021/05/15 v3.1.9a (3.1.9a)
)))
(/usr/share/texlive/texmf-dist/tex/generic/pgf/modules/pgfmoduleshapes.code.tex
File: pgfmoduleshapes.code.tex 2021/05/15 v3.1.9a (3.1.9a)
\pgfnodeparttextbox=\box58
) (/usr/share/texlive/texmf-dist/tex/generic/pgf/modules/pgfmoduleplot.code.tex
File: pgfmoduleplot.code.tex 2021/05/15 v3.1.9a (3.1.9a)
)
(/usr/share/texlive/texmf-dist/tex/latex/pgf/compatibility/pgfcomp-version-0-65
.sty
Package: pgfcomp-version-0-65 2021/05/15 v3.1.9a (3.1.9a)
\pgf@nodesepstart=\dimen256
\pgf@nodesepend=\dimen257
)
(/usr/share/texlive/texmf-dist/tex/latex/pgf/compatibility/pgfcomp-version-1-18
.sty
Package: pgfcomp-version-1-18 2021/05/15 v3.1.9a (3.1.9a)
)) (/usr/share/texlive/texmf-dist/tex/latex/tools/verbatim.sty
Package: verbatim 2020-07-07 v1.5u LaTeX2e package for verbatim enhancements
\every@verbatim=\toks35
\verbatim@line=\toks36
\verbatim@in@stream=\read4
)
(/usr/share/texlive/texmf-dist/tex/latex/environ/environ.sty
Package: environ 2014/05/04 v0.3 A new way to define environments

(/usr/share/texlive/texmf-dist/tex/latex/trimspaces/trimspaces.sty
Package: trimspaces 2009/09/17 v1.1 Trim spaces around a token list
))
\tcb@titlebox=\box59
\tcb@upperbox=\box60
\tcb@lowerbox=\box61
\tcb@phantombox=\box62
\c@tcbbreakpart=\count303
\c@tcblayer=\count304
\c@tcolorbox@number=\count305
\tcb@temp=\box63
\tcb@temp=\box64
\tcb@temp=\box65
\tcb@temp=\box66
)
(/usr/share/texlive/texmf-dist/tex/latex/listings/listings.sty
\lst@mode=\count306
\lst@gtempboxa=\box67
\lst@token=\toks37
\lst@length=\count307
\lst@currlwidth=\dimen258
\lst@column=\count308
\lst@pos=\count309
\lst@lostspace=\dimen259
\lst@width=\dimen260
\lst@newlines=\count310
\lst@lineno=\count311
\lst@maxwidth=\dimen261

(/usr/share/texlive/texmf-dist/tex/latex/listings/lstmisc.sty
File: lstmisc.sty 2020/03/24 1.8d (Carsten Heinz)
\c@lstnumber=\count312
\lst@skipnumbers=\count313
\lst@framebox=\box68
)
(/usr/share/texlive/texmf-dist/tex/latex/listings/listings.cfg
File: listings.cfg 2020/03/24 1.8d listings configuration
))
Package: listings 2020/03/24 1.8d (Carsten Heinz)

(/usr/share/texlive/texmf-dist/tex/latex/float/float.sty
Package: float 2001/11/08 v1.3d Float enhancements (AL)
\c@float@type=\count314
\float@exts=\toks38
\float@box=\box69
\@float@everytoks=\toks39
\@floatcapt=\box70
)
(/usr/share/texlive/texmf-dist/tex/latex/lipsum/lipsum.sty
(/usr/share/texlive/texmf-dist/tex/latex/l3packages/l3keys2e/l3keys2e.sty
(/usr/share/texlive/texmf-dist/tex/latex/l3kernel/expl3.sty
Package: expl3 2022-01-21 L3 programming layer (loader) 

(/usr/share/texlive/texmf-dist/tex/latex/l3backend/l3backend-pdftex.def
File: l3backend-pdftex.def 2022-01-12 L3 backend support: PDF output (pdfTeX)
\l__color_backend_stack_int=\count315
\l__pdf_internal_box=\box71
))
Package: l3keys2e 2022-01-12 LaTeX2e option processing using LaTeX3 keys
)
Package: lipsum 2021-09-20 v2.7 150 paragraphs of Lorem Ipsum dummy text
\g__lipsum_par_int=\count316
\l__lipsum_a_int=\count317
\l__lipsum_b_int=\count318

(/usr/share/texlive/texmf-dist/tex/latex/lipsum/lipsum.ltd.tex))
(/usr/share/texlive/texmf-dist/tex/latex/tools/multicol.sty
Package: multicol 2021/10/28 v1.9b multicolumn formatting (FMi)
\c@tracingmulticols=\count319
\mult@box=\box72
\multicol@leftmargin=\dimen262
\c@unbalance=\count320
\c@collectmore=\count321
\doublecol@number=\count322
\multicoltolerance=\count323
\multicolpretolerance=\count324
\full@width=\dimen263
\page@free=\dimen264
\premulticols=\dimen265
\postmulticols=\dimen266
\multicolsep=\skip53
\multicolbaselineskip=\skip54
\partial@page=\box73
\last@line=\box74
\maxbalancingoverflow=\dimen267
\mult@rightbox=\box75
\mult@grightbox=\box76
\mult@firstbox=\box77
\mult@gfirstbox=\box78
\@tempa=\box79
\@tempa=\box80
\@tempa=\box81
\@tempa=\box82
\@tempa=\box83
\@tempa=\box84
\@tempa=\box85
\@tempa=\box86
\@tempa=\box87
\@tempa=\box88
\@tempa=\box89
\@tempa=\box90
\@tempa=\box91
\@tempa=\box92
\@tempa=\box93
\@tempa=\box94
\@tempa=\box95
\@tempa=\box96
\@tempa=\box97
\@tempa=\box98
\@tempa=\box99
\@tempa=\box100
\@tempa=\box101
\@tempa=\box102
\@tempa=\box103
\@tempa=\box104
\@tempa=\box105
\@tempa=\box106
\@tempa=\box107
\@tempa=\box108
\@tempa=\box109
\@tempa=\box110
\@tempa=\box111
\@tempa=\box112
\@tempa=\box113
\@tempa=\box114
\c@minrows=\count325
\c@columnbadness=\count326
\c@finalcolumnbadness=\count327
\last@try=\dimen268
\multicolovershoot=\dimen269
\multicolundershoot=\dimen270
\mult@nat@firstbox=\box115
\colbreak@box=\box116
\mc@col@check@num=\count328
)
(/usr/share/texlive/texmf-dist/tex/latex/braket/braket.sty)
(/usr/share/texlive/texmf-dist/tex/latex/pgfplots/pgfplots.sty
(/usr/share/texlive/texmf-dist/tex/generic/pgfplots/pgfplots.revision.tex)
Package: pgfplots 2021/05/15 v1.18.1 Data Visualization (1.18.1)

(/usr/share/texlive/texmf-dist/tex/latex/pgf/frontendlayer/tikz.sty
(/usr/share/texlive/texmf-dist/tex/latex/pgf/utilities/pgffor.sty
(/usr/share/texlive/texmf-dist/tex/latex/pgf/utilities/pgfkeys.sty
(/usr/share/texlive/texmf-dist/tex/generic/pgf/utilities/pgfkeys.code.tex))
(/usr/share/texlive/texmf-dist/tex/latex/pgf/math/pgfmath.sty
(/usr/share/texlive/texmf-dist/tex/generic/pgf/math/pgfmath.code.tex))
(/usr/share/texlive/texmf-dist/tex/generic/pgf/utilities/pgffor.code.tex
Package: pgffor 2021/05/15 v3.1.9a (3.1.9a)

(/usr/share/texlive/texmf-dist/tex/generic/pgf/math/pgfmath.code.tex)
\pgffor@iter=\dimen271
\pgffor@skip=\dimen272
\pgffor@stack=\toks40
\pgffor@toks=\toks41
))
(/usr/share/texlive/texmf-dist/tex/generic/pgf/frontendlayer/tikz/tikz.code.tex
Package: tikz 2021/05/15 v3.1.9a (3.1.9a)

(/usr/share/texlive/texmf-dist/tex/generic/pgf/libraries/pgflibraryplothandlers
.code.tex
File: pgflibraryplothandlers.code.tex 2021/05/15 v3.1.9a (3.1.9a)
\pgf@plot@mark@count=\count329
\pgfplotmarksize=\dimen273
)
\tikz@lastx=\dimen274
\tikz@lasty=\dimen275
\tikz@lastxsaved=\dimen276
\tikz@lastysaved=\dimen277
\tikz@lastmovetox=\dimen278
\tikz@lastmovetoy=\dimen279
\tikzleveldistance=\dimen280
\tikzsiblingdistance=\dimen281
\tikz@figbox=\box117
\tikz@figbox@bg=\box118
\tikz@tempbox=\box119
\tikz@tempbox@bg=\box120
\tikztreelevel=\count330
\tikznumberofchildren=\count331
\tikznumberofcurrentchild=\count332
\tikz@fig@count=\count333

(/usr/share/texlive/texmf-dist/tex/generic/pgf/modules/pgfmodulematrix.code.tex
File: pgfmodulematrix.code.tex 2021/05/15 v3.1.9a (3.1.9a)
\pgfmatrixcurrentrow=\count334
\pgfmatrixcurrentcolumn=\count335
\pgf@matrix@numberofcolumns=\count336
)
\tikz@expandcount=\count337

(/usr/share/texlive/texmf-dist/tex/generic/pgf/frontendlayer/tikz/libraries/tik
zlibrarytopaths.code.tex
File: tikzlibrarytopaths.code.tex 2021/05/15 v3.1.9a (3.1.9a)
)))
(/usr/share/texlive/texmf-dist/tex/generic/pgfplots/pgfplots.code.tex
(/usr/share/texlive/texmf-dist/tex/generic/pgfplots/pgfplotscore.code.tex
\t@pgfplots@toka=\toks42
\t@pgfplots@tokb=\toks43
\t@pgfplots@tokc=\toks44
\pgfplots@tmpa=\dimen282
\c@pgfplots@coordindex=\count338
\c@pgfplots@scanlineindex=\count339

(/usr/share/texlive/texmf-dist/tex/generic/pgfplots/sys/pgfplotssysgeneric.code
.tex))
(/usr/share/texlive/texmf-dist/tex/generic/pgfplots/libs/pgfplotslibrary.code.t
ex)
(/usr/share/texlive/texmf-dist/tex/generic/pgfplots/oldpgfcompatib/pgfplotsoldp
gfsupp_loader.code.tex
(/usr/share/texlive/texmf-dist/tex/generic/pgf/libraries/pgflibraryfpu.code.tex
))
(/usr/share/texlive/texmf-dist/tex/generic/pgfplots/util/pgfplotsutil.code.tex
(/usr/share/texlive/texmf-dist/tex/generic/pgfplots/liststructure/pgfplotslists
tructure.code.tex)
(/usr/share/texlive/texmf-dist/tex/generic/pgfplots/liststructure/pgfplotslists
tructureext.code.tex)
(/usr/share/texlive/texmf-dist/tex/generic/pgfplots/liststructure/pgfplotsarray
.code.tex
\c@pgfplotsarray@tmp=\count340
)
(/usr/share/texlive/texmf-dist/tex/generic/pgfplots/liststructure/pgfplotsmatri
x.code.tex)
(/usr/share/texlive/texmf-dist/tex/generic/pgfplots/numtable/pgfplotstableshare
d.code.tex
\c@pgfplotstable@counta=\count341
\t@pgfplotstable@a=\toks45
)
(/usr/share/texlive/texmf-dist/tex/generic/pgfplots/liststructure/pgfplotsdeque
.code.tex)
(/usr/share/texlive/texmf-dist/tex/generic/pgfplots/util/pgfplotsbinary.code.te
x
(/usr/share/texlive/texmf-dist/tex/generic/pgfplots/util/pgfplotsbinary.data.co
de.tex))
(/usr/share/texlive/texmf-dist/tex/generic/pgfplots/util/pgfplotsutil.verb.code
.tex)
(/usr/share/texlive/texmf-dist/tex/generic/pgfplots/libs/pgflibrarypgfplots.sur
fshading.code.tex
\c@pgfplotslibrarysurf@no=\count342

(/usr/share/texlive/texmf-dist/tex/generic/pgfplots/sys/pgflibrarypgfplots.surf
shading.pgfsys-pdftex.def)))
(/usr/share/texlive/texmf-dist/tex/generic/pgfplots/util/pgfplotscolormap.code.
tex
(/usr/share/texlive/texmf-dist/tex/generic/pgfplots/util/pgfplotscolor.code.tex
))
(/usr/share/texlive/texmf-dist/tex/generic/pgfplots/pgfplotsstackedplots.code.t
ex)
(/usr/share/texlive/texmf-dist/tex/generic/pgfplots/pgfplotsplothandlers.code.t
ex
(/usr/share/texlive/texmf-dist/tex/generic/pgfplots/pgfplotsmeshplothandler.cod
e.tex
(/usr/share/texlive/texmf-dist/tex/generic/pgfplots/pgfplotsmeshplotimage.code.
tex)))
(/usr/share/texlive/texmf-dist/tex/generic/pgfplots/pgfplots.scaling.code.tex)
(/usr/share/texlive/texmf-dist/tex/generic/pgfplots/pgfplotscoordprocessing.cod
e.tex)
(/usr/share/texlive/texmf-dist/tex/generic/pgfplots/pgfplots.errorbars.code.tex
) (/usr/share/texlive/texmf-dist/tex/generic/pgfplots/pgfplots.markers.code.tex
) (/usr/share/texlive/texmf-dist/tex/generic/pgfplots/pgfplotsticks.code.tex)
(/usr/share/texlive/texmf-dist/tex/generic/pgfplots/pgfplots.paths.code.tex)
(/usr/share/texlive/texmf-dist/tex/generic/pgf/frontendlayer/tikz/libraries/tik
zlibrarydecorations.code.tex
(/usr/share/texlive/texmf-dist/tex/generic/pgf/modules/pgfmoduledecorations.cod
e.tex
\pgfdecoratedcompleteddistance=\dimen283
\pgfdecoratedremainingdistance=\dimen284
\pgfdecoratedinputsegmentcompleteddistance=\dimen285
\pgfdecoratedinputsegmentremainingdistance=\dimen286
\pgf@decorate@distancetomove=\dimen287
\pgf@decorate@repeatstate=\count343
\pgfdecorationsegmentamplitude=\dimen288
\pgfdecorationsegmentlength=\dimen289
)
\tikz@lib@dec@box=\box121
)
(/usr/share/texlive/texmf-dist/tex/generic/pgf/frontendlayer/tikz/libraries/tik
zlibrarydecorations.pathmorphing.code.tex
(/usr/share/texlive/texmf-dist/tex/generic/pgf/libraries/decorations/pgflibrary
decorations.pathmorphing.code.tex))
(/usr/share/texlive/texmf-dist/tex/generic/pgf/frontendlayer/tikz/libraries/tik
zlibrarydecorations.pathreplacing.code.tex
(/usr/share/texlive/texmf-dist/tex/generic/pgf/libraries/decorations/pgflibrary
decorations.pathreplacing.code.tex))
(/usr/share/texlive/texmf-dist/tex/generic/pgfplots/libs/tikzlibrarypgfplots.co
ntourlua.code.tex)
\pgfplots@numplots=\count344
\pgfplots@xmin@reg=\dimen290
\pgfplots@xmax@reg=\dimen291
\pgfplots@ymin@reg=\dimen292
\pgfplots@ymax@reg=\dimen293
\pgfplots@zmin@reg=\dimen294
\pgfplots@zmax@reg=\dimen295
)
(/usr/share/texlive/texmf-dist/tex/generic/pgf/frontendlayer/tikz/libraries/tik
zlibraryplotmarks.code.tex
File: tikzlibraryplotmarks.code.tex 2021/05/15 v3.1.9a (3.1.9a)

(/usr/share/texlive/texmf-dist/tex/generic/pgf/libraries/pgflibraryplotmarks.co
de.tex
File: pgflibraryplotmarks.code.tex 2021/05/15 v3.1.9a (3.1.9a)
))) (/usr/share/texlive/texmf-dist/tex/latex/csquotes/csquotes.sty
Package: csquotes 2021-02-22 v5.2l context-sensitive quotations (JAW)
\csq@reset=\count345
\csq@gtype=\count346
\csq@glevel=\count347
\csq@qlevel=\count348
\csq@maxlvl=\count349
\csq@tshold=\count350
\csq@ltx@everypar=\toks46

(/usr/share/texlive/texmf-dist/tex/latex/csquotes/csquotes.def
File: csquotes.def 2021-02-22 v5.2l csquotes generic definitions (JAW)
)
Package csquotes Info: Trying to load configuration file 'csquotes.cfg'...
Package csquotes Info: ... configuration file loaded successfully.

(/usr/share/texlive/texmf-dist/tex/latex/csquotes/csquotes.cfg
File: csquotes.cfg 
))
(/usr/share/texlive/texmf-dist/tex/latex/setspace/setspace.sty
Package: setspace 2011/12/19 v6.7a set line spacing
)
(/usr/share/texlive/texmf-dist/tex/latex/microtype/microtype.sty
Package: microtype 2021/12/10 v3.0b Micro-typographical refinements (RS)
\MT@toks=\toks47
\MT@count=\count351
\MT@tempbox=\box122
LaTeX Info: Redefining \leftprotrusion on input line 1010.
LaTeX Info: Redefining \rightprotrusion on input line 1018.
LaTeX Info: Redefining \textls on input line 1173.
\MT@outer@kern=\dimen296
LaTeX Info: Redefining \textmicrotypecontext on input line 1759.
\MT@listname@count=\count352

(/usr/share/texlive/texmf-dist/tex/latex/microtype/microtype-pdftex.def
File: microtype-pdftex.def 2021/12/10 v3.0b Definitions specific to pdftex (RS)

LaTeX Info: Redefining \lsstyle on input line 897.
LaTeX Info: Redefining \lslig on input line 897.
\MT@outer@space=\skip55
)
Package microtype Info: Loading configuration file microtype.cfg.

(/usr/share/texlive/texmf-dist/tex/latex/microtype/microtype.cfg
File: microtype.cfg 2021/12/10 v3.0b microtype main configuration file (RS)
))
(/usr/share/texlive/texmf-dist/tex/latex/frankenstein/dialogue.sty
Package: dialogue 1999/03/01 v1.1 dialogue environment (Frankenstein's mouth)

(/usr/share/texlive/texmf-dist/tex/latex/frankenstein/blkcntrl.sty
Package: blkcntrl 2001/08/31 v1.2 block control

(/usr/share/texlive/texmf-dist/tex/latex/frankenstein/moredefs.sty
Package: moredefs 2001/08/31 v1.8 more defining commands (Frankenstein's brain)

\sc@toks@a=\toks48
\sc@toks@b=\toks49
)
(/usr/share/texlive/texmf-dist/tex/latex/relsize/relsize.sty
Package: relsize 2013/03/29 ver 4.1
)))
(/usr/share/texlive/texmf-dist/tex/latex/dingbat/dingbat.sty
Package: dingbat 2001/04/27 v1.00 Hands and other dingbats


! LaTeX Error: Command \checkmark already defined.
               Or name \end... illegal, see p.192 of the manual.

See the LaTeX manual or LaTeX Companion for explanation.
Type  H <return>  for immediate help.
 ...                                              
                                                  
l.40 \newcommand{\checkmark}{\dingbat@sym{'104}}
                                                
? 
) (/usr/share/texlive/texmf-dist/tex/latex/titlesec/titlesec.sty
Package: titlesec 2021/07/05 v2.14 Sectioning titles
\ttl@box=\box123
\beforetitleunit=\skip56
\aftertitleunit=\skip57
\ttl@plus=\dimen297
\ttl@minus=\dimen298
\ttl@toksa=\toks50
\titlewidth=\dimen299
\titlewidthlast=\dimen300
\titlewidthfirst=\dimen301
)
(/usr/share/texlive/texmf-dist/tex/latex/listings/lstlang1.sty
File: lstlang1.sty 2020/03/24 1.8d listings language file
)
Package csquotes Info: Checking for multilingual support...
Package csquotes Info: ... found 'babel' package.
Package csquotes Info: Adjusting default style.
Package csquotes Info: Redefining alias 'default' -> 'italian'.


LaTeX Warning: Unused global option(s):
    [9pt].

No file main.aux.
\openout1 = `main.aux'.

LaTeX Font Info:    Checking defaults for OML/cmm/m/it on input line 69.
LaTeX Font Info:    ... okay on input line 69.
LaTeX Font Info:    Checking defaults for OMS/cmsy/m/n on input line 69.
LaTeX Font Info:    ... okay on input line 69.
LaTeX Font Info:    Checking defaults for OT1/cmr/m/n on input line 69.
LaTeX Font Info:    ... okay on input line 69.
LaTeX Font Info:    Checking defaults for T1/cmr/m/n on input line 69.
LaTeX Font Info:    ... okay on input line 69.
LaTeX Font Info:    Checking defaults for TS1/cmr/m/n on input line 69.
LaTeX Font Info:    ... okay on input line 69.
LaTeX Font Info:    Checking defaults for OMX/cmex/m/n on input line 69.
LaTeX Font Info:    ... okay on input line 69.
LaTeX Font Info:    Checking defaults for U/cmr/m/n on input line 69.
LaTeX Font Info:    ... okay on input line 69.
LaTeX Font Info:    Checking defaults for PD1/pdf/m/n on input line 69.
LaTeX Font Info:    ... okay on input line 69.
LaTeX Font Info:    Checking defaults for PU/pdf/m/n on input line 69.
LaTeX Font Info:    ... okay on input line 69.
*geometry* driver: auto-detecting
*geometry* detected driver: pdftex
*geometry* verbose mode - [ preamble ] result:
* driver: pdftex
* paper: custom
* layout: <same size as paper>
* layoutoffset:(h,v)=(0.0pt,0.0pt)
* modes: twoside 
* h-part:(L,W,R)=(54.2025pt, 289.07999pt, 54.2025pt)
* v-part:(T,H,B)=(54.2025pt, 505.89pt, 54.2025pt)
* \paperwidth=397.48499pt
* \paperheight=614.295pt
* \textwidth=289.07999pt
* \textheight=505.89pt
* \oddsidemargin=-18.06749pt
* \evensidemargin=-18.06749pt
* \topmargin=-48.13498pt
* \headheight=12.0pt
* \headsep=18.06749pt
* \topskip=10.0pt
* \footskip=25.29494pt
* \marginparwidth=115.0pt
* \marginparsep=7.0pt
* \columnsep=10.0pt
* \skip\footins=9.0pt plus 4.0pt minus 2.0pt
* \hoffset=0.0pt
* \voffset=0.0pt
* \mag=1000
* \@twocolumnfalse
* \@twosidetrue
* \@mparswitchtrue
* \@reversemarginfalse
* (1in=72.27pt=25.4mm, 1cm=28.453pt)

LaTeX Info: Redefining \it@ocap on input line 69.
LaTeX Info: Redefining \it@ccap on input line 69.
(/usr/share/texlive/texmf-dist/tex/context/base/mkii/supp-pdf.mkii
[Loading MPS to PDF converter (version 2006.09.02).]
\scratchcounter=\count353
\scratchdimen=\dimen302
\scratchbox=\box124
\nofMPsegments=\count354
\nofMParguments=\count355
\everyMPshowfont=\toks51
\MPscratchCnt=\count356
\MPscratchDim=\dimen303
\MPnumerator=\count357
\makeMPintoPDFobject=\count358
\everyMPtoPDFconversion=\toks52
) (/usr/share/texlive/texmf-dist/tex/latex/epstopdf-pkg/epstopdf-base.sty
Package: epstopdf-base 2020-01-24 v2.11 Base part for package epstopdf
Package epstopdf-base Info: Redefining graphics rule for `.eps' on input line 4
85.

(/usr/share/texlive/texmf-dist/tex/latex/latexconfig/epstopdf-sys.cfg
File: epstopdf-sys.cfg 2010/07/13 v1.3 Configuration of (r)epstopdf for TeX Liv
e
))
Package hyperref Info: Link coloring OFF on input line 69.

(/usr/share/texlive/texmf-dist/tex/latex/hyperref/nameref.sty
Package: nameref 2021-04-02 v2.47 Cross-referencing by name of section

(/usr/share/texlive/texmf-dist/tex/latex/refcount/refcount.sty
Package: refcount 2019/12/15 v3.6 Data extraction from label references (HO)
)
(/usr/share/texlive/texmf-dist/tex/generic/gettitlestring/gettitlestring.sty
Package: gettitlestring 2019/12/15 v1.6 Cleanup title references (HO)
)
\c@section@level=\count359
)
LaTeX Info: Redefining \ref on input line 69.
LaTeX Info: Redefining \pageref on input line 69.
LaTeX Info: Redefining \nameref on input line 69.
\@outlinefile=\write4
\openout4 = `main.out'.

\c@lstlisting=\count360

Package pgfplots notification 'compat/show suggested version=true': you might b
enefit from \pgfplotsset{compat=1.18} (current compat level: 1.17).

LaTeX Info: Redefining \microtypecontext on input line 69.
Package microtype Info: Applying patch `item' on input line 69.
Package microtype Info: Applying patch `toc' on input line 69.
Package microtype Info: Applying patch `eqnum' on input line 69.

Package microtype Warning: Unable to apply patch `footnote' on input line 69.

Package microtype Info: Generating PDF output.
Package microtype Info: Character protrusion enabled (level 2).
Package microtype Info: Using default protrusion set `alltext'.
Package microtype Info: Automatic font expansion enabled (level 2),
(microtype)             stretch: 20, shrink: 20, step: 1, non-selected.
Package microtype Info: Using default expansion set `alltext-nott'.
LaTeX Info: Redefining \showhyphens on input line 69.
Package microtype Info: No adjustment of tracking.
Package microtype Info: No adjustment of interword spacing.
Package microtype Info: No adjustment of character kerning.
(/usr/share/texlive/texmf-dist/tex/latex/microtype/mt-cmr.cfg
File: mt-cmr.cfg 2013/05/19 v2.2 microtype config. file: Computer Modern Roman 
(RS)
)
\openout2 = `chapters/front_matter.aux'.


(./chapters/front_matter.tex
Underfull \hbox (badness 10000) in paragraph at lines 19--20

 []

[1



{/var/lib/texmf/fonts/map/pdftex/updmap/pdftex.map}]
Underfull \hbox (badness 10000) in paragraph at lines 43--44

 []

) [2

]
\tf@toc=\write5
\openout5 = `main.toc'.

 [3



] [4

]
Capitolo 1.
(./chapters/capitolo1.tex
LaTeX Font Info:    Trying to load font information for U+msa on input line 4.

(/usr/share/texlive/texmf-dist/tex/latex/amsfonts/umsa.fd
File: umsa.fd 2013/01/14 v3.01 AMS symbols A
)
(/usr/share/texlive/texmf-dist/tex/latex/microtype/mt-msa.cfg
File: mt-msa.cfg 2006/02/04 v1.1 microtype config. file: AMS symbols (a) (RS)
)
LaTeX Font Info:    Trying to load font information for U+msb on input line 4.

(/usr/share/texlive/texmf-dist/tex/latex/amsfonts/umsb.fd
File: umsb.fd 2013/01/14 v3.01 AMS symbols B
)
(/usr/share/texlive/texmf-dist/tex/latex/microtype/mt-msb.cfg
File: mt-msb.cfg 2005/06/01 v1.0 microtype config. file: AMS symbols (b) (RS)
) [5] [6]
Package hyperref Info: bookmark level for unknown lstlisting defaults to 0 on i
nput line 70.
LaTeX Font Info:    Trying to load font information for T1+cmtt on input line 7
0.

(/usr/share/texlive/texmf-dist/tex/latex/base/t1cmtt.fd
File: t1cmtt.fd 2019/12/16 v2.5j Standard LaTeX font definitions
)
Package microtype Info: Loading generic protrusion settings for font family
(microtype)             `cmtt' (encoding: T1).
(microtype)             For optimal results, create family-specific settings.
(microtype)             See the microtype manual for details.

Underfull \vbox (badness 10000) has occurred while \output is active []

 [7]
[8] [9] [10] [11] [12] [13] [14] [15] [16] [17]
Overfull \hbox (7.2541pt too wide) in paragraph at lines 401--402
[]\T1/cmr/m/n/10 (-20) ^^S  Cer-ta-men-te, pro-fes-so-re. L'e-spres-sio-ne $\OM
L/cmm/m/it/10 a[] \OMS/cmsy/m/n/10 ^^Q \OT1/cmr/m/n/10 (-20) 1[]  \OML/cmm/m/it
/10 N$
 []

[18] [19] [20] [21] [22]
<immagini/cnot_1.jpeg, id=174, 813.0375pt x 813.0375pt>
File: immagini/cnot_1.jpeg Graphic file (type jpg)
<use immagini/cnot_1.jpeg>
Package pdftex.def Info: immagini/cnot_1.jpeg  used on input line 506.
(pdftex.def)             Requested size: 202.3551pt x 202.35324pt.

Overfull \hbox (6.79999pt too wide) in paragraph at lines 506--507
 [][] 
 []

[23 <./immagini/cnot_1.jpeg>]
<immagini/cnot_3.jpeg, id=180, 813.0375pt x 813.0375pt>
File: immagini/cnot_3.jpeg Graphic file (type jpg)
<use immagini/cnot_3.jpeg>
Package pdftex.def Info: immagini/cnot_3.jpeg  used on input line 544.
(pdftex.def)             Requested size: 202.3551pt x 202.35324pt.

Overfull \hbox (6.79999pt too wide) in paragraph at lines 544--545
 [][] 
 []


Underfull \vbox (badness 3168) has occurred while \output is active []

 [24]
[25 <./immagini/cnot_3.jpeg>]
<immagini/cnot_4.jpeg, id=190, 813.0375pt x 813.0375pt>
File: immagini/cnot_4.jpeg Graphic file (type jpg)
<use immagini/cnot_4.jpeg>
Package pdftex.def Info: immagini/cnot_4.jpeg  used on input line 589.
(pdftex.def)             Requested size: 202.3551pt x 202.35324pt.

Overfull \hbox (6.79999pt too wide) in paragraph at lines 589--590
 [][] 
 []


Underfull \vbox (badness 6016) has occurred while \output is active []

 [26]
[27 <./immagini/cnot_4.jpeg>] [28] [29]
<immagini/cnot_8.jpeg, id=207, 813.0375pt x 813.0375pt>
File: immagini/cnot_8.jpeg Graphic file (type jpg)
<use immagini/cnot_8.jpeg>
Package pdftex.def Info: immagini/cnot_8.jpeg  used on input line 666.
(pdftex.def)             Requested size: 202.3551pt x 202.35324pt.

Overfull \hbox (6.79999pt too wide) in paragraph at lines 666--667
 [][] 
 []

[30 <./immagini/cnot_8.jpeg>] [31] [32] [33] [34] [35] [36]
<immagini/cnot_19.jpeg, id=237, 813.0375pt x 813.0375pt>
File: immagini/cnot_19.jpeg Graphic file (type jpg)
<use immagini/cnot_19.jpeg>
Package pdftex.def Info: immagini/cnot_19.jpeg  used on input line 821.
(pdftex.def)             Requested size: 202.3551pt x 202.35324pt.

Overfull \hbox (6.79999pt too wide) in paragraph at lines 821--822
 [][] 
 []

[37 <./immagini/cnot_19.jpeg>]
<immagini/cnot_34.jpeg, id=243, 621.07031pt x 811.53188pt>
File: immagini/cnot_34.jpeg Graphic file (type jpg)
<use immagini/cnot_34.jpeg>
Package pdftex.def Info: immagini/cnot_34.jpeg  used on input line 839.
(pdftex.def)             Requested size: 202.3551pt x 264.40103pt.

Overfull \hbox (6.79999pt too wide) in paragraph at lines 839--840
 [][] 
 []


Underfull \vbox (badness 10000) has occurred while \output is active []

 [38 <./immagini/cnot_34.jpeg>] [39] [40]
<immagini/cnot_37.jpeg, id=257, 805.50937pt x 661.72218pt>
File: immagini/cnot_37.jpeg Graphic file (type jpg)
<use immagini/cnot_37.jpeg>
Package pdftex.def Info: immagini/cnot_37.jpeg  used on input line 908.
(pdftex.def)             Requested size: 202.3551pt x 166.2278pt.

Overfull \hbox (6.79999pt too wide) in paragraph at lines 908--909
 [][] 
 []

[41 <./immagini/cnot_37.jpeg>]) [42]
Capitolo 2.
(./chapters/capitolo2.tex [43

] [44]
<immagini/cnot_38.jpeg, id=276, 807.7678pt x 530.73282pt>
File: immagini/cnot_38.jpeg Graphic file (type jpg)
<use immagini/cnot_38.jpeg>
Package pdftex.def Info: immagini/cnot_38.jpeg  used on input line 39.
(pdftex.def)             Requested size: 202.3551pt x 132.95012pt.

Overfull \hbox (6.79999pt too wide) in paragraph at lines 39--40
 [][] 
 []

[45 <./immagini/cnot_38.jpeg>] [46]
<immagini/cnot_39.jpeg, id=285, 813.0375pt x 813.0375pt>
File: immagini/cnot_39.jpeg Graphic file (type jpg)
<use immagini/cnot_39.jpeg>
Package pdftex.def Info: immagini/cnot_39.jpeg  used on input line 80.
(pdftex.def)             Requested size: 202.3551pt x 202.35324pt.

Overfull \hbox (6.79999pt too wide) in paragraph at lines 80--81
 [][] 
 []

[47 <./immagini/cnot_39.jpeg>] [48]
<immagini/cnot_53.jpeg, id=295, 808.52063pt x 454.69875pt>
File: immagini/cnot_53.jpeg Graphic file (type jpg)
<use immagini/cnot_53.jpeg>
Package pdftex.def Info: immagini/cnot_53.jpeg  used on input line 115.
(pdftex.def)             Requested size: 202.3551pt x 113.79929pt.

Overfull \hbox (6.79999pt too wide) in paragraph at lines 115--116
 [][] 
 []

[49 <./immagini/cnot_53.jpeg>] [50]
<immagini/cnot_41.jpeg, id=305, 813.0375pt x 813.0375pt>
File: immagini/cnot_41.jpeg Graphic file (type jpg)
<use immagini/cnot_41.jpeg>
Package pdftex.def Info: immagini/cnot_41.jpeg  used on input line 174.
(pdftex.def)             Requested size: 202.3551pt x 202.35324pt.

Overfull \hbox (6.79999pt too wide) in paragraph at lines 174--175
 [][] 
 []

[51 <./immagini/cnot_41.jpeg>]
<immagini/cnot_45.jpeg, id=310, 810.77907pt x 702.37407pt>
File: immagini/cnot_45.jpeg Graphic file (type jpg)
<use immagini/cnot_45.jpeg>
Package pdftex.def Info: immagini/cnot_45.jpeg  used on input line 187.
(pdftex.def)             Requested size: 202.3551pt x 175.293pt.

Overfull \hbox (6.79999pt too wide) in paragraph at lines 187--188
 [][] 
 []

[52 <./immagini/cnot_45.jpeg>]
Underfull \hbox (badness 10000) in paragraph at lines 226--228

 []

) [53] [54]
Capitolo 3.
(./chapters/capitolo3.tex [55

] [56]
<immagini/cnot_48.jpeg, id=335, 813.0375pt x 813.0375pt>
File: immagini/cnot_48.jpeg Graphic file (type jpg)
<use immagini/cnot_48.jpeg>
Package pdftex.def Info: immagini/cnot_48.jpeg  used on input line 57.
(pdftex.def)             Requested size: 202.3551pt x 202.35324pt.

Overfull \hbox (6.79999pt too wide) in paragraph at lines 57--58
 [][] 
 []

[57 <./immagini/cnot_48.jpeg>] [58]
<immagini/cnot_49.jpeg, id=345, 812.28468pt x 630.10406pt>
File: immagini/cnot_49.jpeg Graphic file (type jpg)
<use immagini/cnot_49.jpeg>
Package pdftex.def Info: immagini/cnot_49.jpeg  used on input line 96.
(pdftex.def)             Requested size: 202.3551pt x 156.96797pt.

Overfull \hbox (6.79999pt too wide) in paragraph at lines 96--97
 [][] 
 []

) [59 <./immagini/cnot_49.jpeg>] [60

]
Capitolo 4.
(./chapters/capitolo4.tex
<immagini/cnot_100.jpeg, id=354, 551.05875pt x 808.52063pt>
File: immagini/cnot_100.jpeg Graphic file (type jpg)
<use immagini/cnot_100.jpeg>
Package pdftex.def Info: immagini/cnot_100.jpeg  used on input line 4.
(pdftex.def)             Requested size: 202.3551pt x 296.90262pt.

Overfull \hbox (6.79999pt too wide) in paragraph at lines 4--5
 [][] 
 []

[61 <./immagini/cnot_100.jpeg>] [62] [63] [64] [65] [66]
<immagini/cnot_58.jpeg, id=382, 813.0375pt x 813.0375pt>
File: immagini/cnot_58.jpeg Graphic file (type jpg)
<use immagini/cnot_58.jpeg>
Package pdftex.def Info: immagini/cnot_58.jpeg  used on input line 165.
(pdftex.def)             Requested size: 202.3551pt x 202.35324pt.

Overfull \hbox (6.79999pt too wide) in paragraph at lines 165--166
 [][] 
 []

) [67 <./immagini/cnot_58.jpeg>] [68]
Capitolo 5.
(./chapters/capitolo5.tex [69

] [70]
<immagini/cnot_56.jpeg, id=402, 813.0375pt x 813.0375pt>
File: immagini/cnot_56.jpeg Graphic file (type jpg)
<use immagini/cnot_56.jpeg>
Package pdftex.def Info: immagini/cnot_56.jpeg  used on input line 59.
(pdftex.def)             Requested size: 202.3551pt x 202.35324pt.

Overfull \hbox (6.79999pt too wide) in paragraph at lines 59--60
 [][] 
 []

[71 <./immagini/cnot_56.jpeg>] [72] [73]) [74]
Capitolo 6.
(./chapters/capitolo6.tex [75

] [76] [77] [78]
<immagini/cnot_50.jpeg, id=442, 663.22781pt x 806.26219pt>
File: immagini/cnot_50.jpeg Graphic file (type jpg)
<use immagini/cnot_50.jpeg>
Package pdftex.def Info: immagini/cnot_50.jpeg  used on input line 152.
(pdftex.def)             Requested size: 202.3551pt x 245.98958pt.

Overfull \hbox (6.79999pt too wide) in paragraph at lines 152--153
 [][] 
 []


Underfull \vbox (badness 10000) has occurred while \output is active []

 [79]
[80 <./immagini/cnot_50.jpeg>]
<immagini/cnot_51.jpeg, id=453, 612.78937pt x 790.45313pt>
File: immagini/cnot_51.jpeg Graphic file (type jpg)
<use immagini/cnot_51.jpeg>
Package pdftex.def Info: immagini/cnot_51.jpeg  used on input line 183.
(pdftex.def)             Requested size: 202.3551pt x 261.0192pt.

Overfull \hbox (6.79999pt too wide) in paragraph at lines 183--184
 [][] 
 []

[81 <./immagini/cnot_51.jpeg>]) [82]
Capitolo 7.
(./chapters/capitolo7.tex [83

] [84] [85] [86] [87] [88] [89]
<immagini/cnot_59.jpeg, id=495, 813.0375pt x 813.0375pt>
File: immagini/cnot_59.jpeg Graphic file (type jpg)
<use immagini/cnot_59.jpeg>
Package pdftex.def Info: immagini/cnot_59.jpeg  used on input line 185.
(pdftex.def)             Requested size: 202.3551pt x 202.35324pt.

Overfull \hbox (6.79999pt too wide) in paragraph at lines 185--186
 [][] 
 []

[90 <./immagini/cnot_59.jpeg>]) [91] [92

]
Capitolo 8.
(./chapters/capitolo8.tex [93]
Underfull \hbox (badness 2608) in paragraph at lines 46--47
[]\T1/cmr/m/it/10 (+20) ^^S  Crip-ta-te im-me-dia-ta-men-te l'in-te-ro si-ste-m
a uti-liz-zan-do
 []


Underfull \hbox (badness 4479) in paragraph at lines 46--47
\T1/cmr/m/it/10 (+20) l'al-go-rit-mo RSA! Non pos-sia-mo per-met-te-re ul-te-ri
o-ri
 []

[94] [95]
Overfull \hbox (19.6514pt too wide) in paragraph at lines 114--114
[][] 
 []

[96] [97] [98]) [99] [100

]
Capitolo 9.
(./chapters/capitolo9.tex [101] [102] [103] [104]
<immagini/cnot_52.jpeg, id=572, 590.95781pt x 810.77907pt>
File: immagini/cnot_52.jpeg Graphic file (type jpg)
<use immagini/cnot_52.jpeg>
Package pdftex.def Info: immagini/cnot_52.jpeg  used on input line 149.
(pdftex.def)             Requested size: 202.3551pt x 277.61594pt.

Overfull \hbox (6.79999pt too wide) in paragraph at lines 149--150
 [][] 
 []


Underfull \vbox (badness 10000) has occurred while \output is active []

 [105]
[106 <./immagini/cnot_52.jpeg>] [107]
<immagini/cnot_55.jpeg, id=586, 623.32875pt x 810.02625pt>
File: immagini/cnot_55.jpeg Graphic file (type jpg)
<use immagini/cnot_55.jpeg>
Package pdftex.def Info: immagini/cnot_55.jpeg  used on input line 218.
(pdftex.def)             Requested size: 202.3551pt x 262.95877pt.

Overfull \hbox (6.79999pt too wide) in paragraph at lines 218--219
 [][] 
 []


Underfull \vbox (badness 1796) has occurred while \output is active []

 [108]
[109 <./immagini/cnot_55.jpeg>] [110] [111] [112] [113]
<immagini/cnot_57.jpeg, id=616, 813.0375pt x 813.0375pt>
File: immagini/cnot_57.jpeg Graphic file (type jpg)
<use immagini/cnot_57.jpeg>
Package pdftex.def Info: immagini/cnot_57.jpeg  used on input line 364.
(pdftex.def)             Requested size: 202.3551pt x 202.35324pt.

Overfull \hbox (6.79999pt too wide) in paragraph at lines 364--365
 [][] 
 []

[114 <./immagini/cnot_57.jpeg>] [115] [116] [117] [118]) [119] [120

]
Capitolo 10.
(./chapters/capitolo10.tex [121] [122] [123] [124] [125] [126]) [127] [128

]
Capitolo 11.
(./chapters/capitolo11.tex [129]) [130] (./chapters/schede.tex
Underfull \hbox (badness 10000) in paragraph at lines 16--17
[]\T1/cmr/m/n/10 (+20) Affronta in-si-cu-
 []


Underfull \hbox (badness 10000) in paragraph at lines 16--17
\T1/cmr/m/n/10 (+20) rez-ze per-so-na-li e
 []


Underfull \vbox (badness 10000) has occurred while \output is active []

 [131

]
Underfull \vbox (badness 10000) has occurred while \output is active []

 [132]
Underfull \vbox (badness 10000) has occurred while \output is active []

 [133]
Underfull \vbox (badness 10000) has occurred while \output is active []

 [134]
Underfull \vbox (badness 10000) has occurred while \output is active []

 [135]
Underfull \vbox (badness 10000) has occurred while \output is active []

 [136])
[137] [138

] (./chapters/neopir.tex [139] [140] [141] [142] [143] [144]
Package pgfplots info on input line 173: Using 'lua backend=false' for axis: x 
coord trafo unsupported.
 [145]
Underfull \hbox (badness 10000) in paragraph at lines 184--186

 []


Underfull \hbox (badness 10000) in paragraph at lines 187--189

 []


Underfull \hbox (badness 10000) in paragraph at lines 190--192

 []


Underfull \hbox (badness 10000) in paragraph at lines 193--195

 []


Underfull \hbox (badness 10000) in paragraph at lines 201--203

 []


Underfull \hbox (badness 10000) in paragraph at lines 204--206

 []


Underfull \hbox (badness 10000) in paragraph at lines 207--209

 []


Underfull \hbox (badness 10000) in paragraph at lines 210--212

 []

[146]
Overfull \hbox (14.10922pt too wide) in paragraph at lines 216--216
|\T1/cmr/bx/n/14.4 (-20) Profilo del Quan-tum Ma-ster Pro-gram (QMP)| 
 []


Underfull \hbox (badness 10000) in paragraph at lines 219--221

 []


Underfull \hbox (badness 10000) in paragraph at lines 222--224

 []


Underfull \hbox (badness 10000) in paragraph at lines 225--227

 []


Underfull \hbox (badness 10000) in paragraph at lines 228--230

 []

[147]
Package pgfplots info on input line 253: Using 'lua backend=false' for axis: x 
coord trafo unsupported.
) [148] (./chapters/componenti.tex
Underfull \hbox (badness 10000) in paragraph at lines 4--4
[]\T1/cmr/bx/n/10 (+20) Interfaccia UART (Uni-ver-sal Asyn-chro-nous
 []


Underfull \hbox (badness 6063) in paragraph at lines 42--43
[]\T1/cmr/bx/n/10 (+20) Architettura\T1/cmr/m/n/10 (+20) : Ba-
 []

[149

]
Underfull \hbox (badness 10000) in paragraph at lines 67--68
\T1/cmr/m/n/10 (+20) liz-za l'en-tan-gle-ment
 []


Underfull \vbox (badness 10000) has occurred while \output is active []

 [150]
Underfull \vbox (badness 10000) has occurred while \output is active []

 [151]
Underfull \vbox (badness 10000) has occurred while \output is active []

 [152]
Underfull \vbox (badness 10000) has occurred while \output is active []

 [153]
Underfull \hbox (badness 10000) in paragraph at lines 158--159
[]\T1/cmr/bx/n/10 (+20) Operazioni Fault-
 []


Underfull \hbox (badness 5519) in paragraph at lines 159--160
\T1/cmr/m/n/10 (+20) ver-si co-di-ci di cor-
 []


Underfull \vbox (badness 10000) has occurred while \output is active []

 [154]
Underfull \hbox (badness 10000) in paragraph at lines 182--183
\T1/cmr/m/n/10 (+20) ge-stio-ne in-tel-li-gen-te
 []


Underfull \hbox (badness 10000) in paragraph at lines 183--184
\T1/cmr/m/n/10 (+20) l'au-to-riz-za-zio-ne per
 []


Underfull \hbox (badness 7064) in paragraph at lines 183--184
\T1/cmr/m/n/10 (+20) l'im-ple-men-ta-zio-ne di
 []


Underfull \hbox (badness 10000) in paragraph at lines 205--206
[]\T1/cmr/bx/n/10 (+20) Elaborazione in
 []


Underfull \hbox (badness 10000) in paragraph at lines 205--206
\T1/cmr/m/n/10 (+20) ni-ma la-ten-za nel-
 []


Underfull \hbox (badness 10000) in paragraph at lines 205--206
\T1/cmr/m/n/10 (+20) la tra-smis-sio-ne dei
 []


Underfull \vbox (badness 6016) has occurred while \output is active []

 [155]
Underfull \hbox (badness 10000) in paragraph at lines 227--228
[]\T1/cmr/bx/n/10 (+20) Interazione con
 []


Underfull \hbox (badness 10000) in paragraph at lines 228--229
\T1/cmr/m/n/10 (+20) con-trol-la-te pos-so-
 []


Underfull \vbox (badness 10000) has occurred while \output is active []

 [156]
Underfull \hbox (badness 5893) in paragraph at lines 249--250
\T1/cmr/m/n/10 (+20) liz-za cop-pie di qu-
 []


Underfull \hbox (badness 6157) in paragraph at lines 250--251
\T1/cmr/m/n/10 (+20) za tem-po-ra-nea-men-te
 []


Underfull \hbox (badness 10000) in paragraph at lines 290--291
[]\T1/cmr/bx/n/5 (+20) Sensori Quan-ti-sti-ci
 []


Underfull \hbox (badness 5133) in paragraph at lines 295--296
\T1/cmr/m/n/5 (+20) ti-sti-co, iden-ti-fi-can-do e
 []

[157]
Underfull \hbox (badness 10000) in paragraph at lines 331--332
\T1/cmr/m/n/5 (+20) trol-la-re l'o-rien-ta-men-to
 []


Underfull \vbox (badness 10000) has occurred while \output is active []

 [158]
Underfull \vbox (badness 10000) has occurred while \output is active []

 [159]
Underfull \hbox (badness 5217) in paragraph at lines 418--419
[]\T1/cmr/m/n/8 (+20) Il \T1/cmr/m/it/8 (+20) Quan-tum Ma-ster Pro-gram
 []


Underfull \hbox (badness 6300) in paragraph at lines 425--426
[]\T1/cmr/m/n/8 (+20) Monitora tut-te le
 []


Underfull \vbox (badness 10000) has occurred while \output is active []

 [160]
Underfull \vbox (badness 10000) has occurred while \output is active []

 [161]
Underfull \hbox (badness 10000) in paragraph at lines 554--555
[]\T1/cmr/bx/n/8 (+20) Effetto sul-l'En-tan-gle-
 []


Underfull \vbox (badness 10000) has occurred while \output is active []

 [162]
Underfull \hbox (badness 10000) in paragraph at lines 588--589
\T1/cmr/m/n/10 (+20) istan-ta-nea-men-te
 []


Underfull \vbox (badness 10000) has occurred while \output is active []

 [163]
Underfull \hbox (badness 10000) in paragraph at lines 625--626
[]\T1/cmr/bx/n/10 (+20) Dimensione del-la
 []


Underfull \hbox (badness 10000) in paragraph at lines 633--634
[]\T1/cmr/m/n/10 (+20) Decriptazione:
 []


Underfull \vbox (badness 10000) has occurred while \output is active []

 [164]
Overfull \hbox (6.99895pt too wide) in paragraph at lines 666--667
[]\T1/cmr/bx/n/10 (-20) Pre-elaborazione\T1/cmr/m/n/10 (-20) : 
 []


Overfull \hbox (5.70576pt too wide) in paragraph at lines 669--670
[]\T1/cmr/m/n/10 (-20) Se $[]\OT1/cmr/m/n/10 (-20) (\OML/cmm/m/it/10 a; N\OT1/c
mr/m/n/10 (-20) ) \OMS/cmsy/m/n/10 6\OT1/cmr/m/n/10 (-20) =
 []


Underfull \hbox (badness 10000) in paragraph at lines 671--672
[]\T1/cmr/bx/n/10 (+20) Quantum
 []


Underfull \hbox (badness 10000) in paragraph at lines 673--674
[]\T1/cmr/m/n/10 (+20) Utilizzare
 []


Underfull \hbox (badness 10000) in paragraph at lines 673--674
\T1/cmr/m/n/10 (+20) quan-ti-sti-co
 []


Underfull \hbox (badness 10000) in paragraph at lines 673--674
\T1/cmr/m/n/10 (+20) per tro-va-re
 []


Overfull \hbox (11.33481pt too wide) in paragraph at lines 675--676
[]\T1/cmr/bx/n/10 (-20) Post-elaborazione\T1/cmr/m/n/10 (-20) : 
 []


Underfull \hbox (badness 10000) in paragraph at lines 677--678
[]\OT1/cmr/m/n/10 (+20) (\OML/cmm/m/it/10 a[] \OMS/cmsy/m/n/10 ^^F
 []


Underfull \hbox (badness 10000) in paragraph at lines 677--678
\OT1/cmr/m/n/10 (+20) 1\OML/cmm/m/it/10 ; N\OT1/cmr/m/n/10 (+20) )$ \T1/cmr/m/n
/10 (+20) per
 []


Underfull \hbox (badness 10000) in paragraph at lines 677--678
\T1/cmr/m/n/10 (+20) ot-te-ne-re i
 []


Underfull \vbox (badness 10000) has occurred while \output is active []

 [165]
Overfull \vbox (2.98505pt too high) has occurred while \output is active []


[166]
Underfull \hbox (badness 7116) in paragraph at lines 712--713
\T1/cmr/m/n/8 (+20) una del-le quat-tro
 []


Underfull \hbox (badness 10000) in paragraph at lines 716--717
[]\T1/cmr/bx/n/8 (+20) Preparazione\T1/cmr/m/n/8 (+20) :
 []


Underfull \hbox (badness 10000) in paragraph at lines 716--717
\T1/cmr/m/n/8 (+20) Crea-zio-ne di una
 []


Underfull \hbox (badness 10000) in paragraph at lines 724--725
[]\T1/cmr/m/n/8 (+20) Permette una co-
 []


Underfull \hbox (badness 5460) in paragraph at lines 724--725
\T1/cmr/m/n/8 (+20) mu-ni-ca-zio-ne si-cu-ra
 []


Underfull \hbox (badness 10000) in paragraph at lines 753--754
[]\T1/cmr/m/n/10 (+20) Originariamente
 []


Underfull \hbox (badness 6658) in paragraph at lines 758--759
[]\T1/cmr/m/n/10 (+20) Rappresenta un
 []


Underfull \hbox (badness 10000) in paragraph at lines 761--762
[]\T1/cmr/bx/n/10 (+20) Effetti sul-l'En-tan-
 []


Underfull \hbox (badness 10000) in paragraph at lines 763--764
[]\T1/cmr/m/n/10 (+20) A cau-sa del-
 []


Underfull \hbox (badness 10000) in paragraph at lines 763--764
\T1/cmr/m/n/10 (+20) l'en-tan-gle-ment,
 []


Underfull \hbox (badness 10000) in paragraph at lines 763--764
\T1/cmr/m/n/10 (+20) l'an-ni-chi-la-zio-
 []


Underfull \hbox (badness 10000) in paragraph at lines 763--764
\T1/cmr/m/n/10 (+20) ti-cel-la com-por-
 []


Underfull \hbox (badness 10000) in paragraph at lines 763--764
\T1/cmr/m/n/10 (+20) ta con-se-guen-ze
 []


Underfull \hbox (badness 10000) in paragraph at lines 764--765
[]\T1/cmr/m/n/10 (+20) Utilizzato co-me
 []


Underfull \hbox (badness 10000) in paragraph at lines 764--765
\T1/cmr/m/n/10 (+20) mi-na-re Lau-ra
 []


Underfull \vbox (badness 10000) has occurred while \output is active []

 [167]
Underfull \hbox (badness 10000) in paragraph at lines 796--797
[]\T1/cmr/bx/n/10 (+20) Operazione Ma-te-
 []


Underfull \vbox (badness 10000) has occurred while \output is active []

 [168]
Underfull \hbox (badness 10000) in paragraph at lines 838--839
[]\T1/cmr/m/n/10 (+20) Risoluzione di
 []


Underfull \hbox (badness 10000) in paragraph at lines 838--839
\T1/cmr/m/n/10 (+20) pro-ble-mi di
 []


Underfull \hbox (badness 10000) in paragraph at lines 838--839
\T1/cmr/m/n/10 (+20) ot-ti-miz-za-zio-ne
 []


Underfull \hbox (badness 5161) in paragraph at lines 844--845
[]\T1/cmr/m/n/10 (+20) Un cam-po ma-
 []


Underfull \hbox (badness 10000) in paragraph at lines 844--845
\T1/cmr/m/n/10 (+20) gne-ti-co ester-no
 []


Underfull \vbox (badness 10000) has occurred while \output is active []

 [169])
[170] (./main.aux (./chapters/front_matter.aux))

Package rerunfilecheck Warning: File `main.out' has changed.
(rerunfilecheck)                Rerun to get outlines right
(rerunfilecheck)                or use package `bookmark'.

Package rerunfilecheck Info: Checksums for `main.out':
(rerunfilecheck)             Before: <no file>
(rerunfilecheck)             After:  5B90745A4D8D0A387648ACF5EDEB6A70;8912.
 ) 
Here is how much of TeX's memory you used:
 40710 strings out of 478287
 907824 string characters out of 5849289
 1623517 words of memory out of 5000000
 57444 multiletter control sequences out of 15000+600000
 509550 words of font info for 318 fonts, out of 8000000 for 9000
 1141 hyphenation exceptions out of 8191
 83i,17n,89p,1001b,2296s stack positions out of 5000i,500n,10000p,200000b,80000s
{/usr/share/texmf/fonts/enc/dvips/cm-super/cm-super-ts1.enc}{/usr/share/texmf
/fonts/enc/dvips/cm-super/cm-super-t1.enc}</usr/share/texlive/texmf-dist/fonts/
type1/public/amsfonts/cm/cmex10.pfb></usr/share/texlive/texmf-dist/fonts/type1/
public/amsfonts/cm/cmmi10.pfb></usr/share/texlive/texmf-dist/fonts/type1/public
/amsfonts/cm/cmmi5.pfb></usr/share/texlive/texmf-dist/fonts/type1/public/amsfon
ts/cm/cmmi7.pfb></usr/share/texlive/texmf-dist/fonts/type1/public/amsfonts/cm/c
mr10.pfb></usr/share/texlive/texmf-dist/fonts/type1/public/amsfonts/cm/cmr5.pfb
></usr/share/texlive/texmf-dist/fonts/type1/public/amsfonts/cm/cmr7.pfb></usr/s
hare/texlive/texmf-dist/fonts/type1/public/amsfonts/cm/cmr8.pfb></usr/share/tex
live/texmf-dist/fonts/type1/public/amsfonts/cm/cmsy10.pfb></usr/share/texlive/t
exmf-dist/fonts/type1/public/amsfonts/cm/cmsy5.pfb></usr/share/texlive/texmf-di
st/fonts/type1/public/amsfonts/cm/cmsy7.pfb></usr/share/texlive/texmf-dist/font
s/type1/public/amsfonts/cm/cmsy8.pfb></usr/share/texmf/fonts/type1/public/cm-su
per/sfbi1440.pfb></usr/share/texmf/fonts/type1/public/cm-super/sfbx0500.pfb></u
sr/share/texmf/fonts/type1/public/cm-super/sfbx0800.pfb></usr/share/texmf/fonts
/type1/public/cm-super/sfbx0900.pfb></usr/share/texmf/fonts/type1/public/cm-sup
er/sfbx1000.pfb></usr/share/texmf/fonts/type1/public/cm-super/sfbx1200.pfb></us
r/share/texmf/fonts/type1/public/cm-super/sfbx1440.pfb></usr/share/texmf/fonts/
type1/public/cm-super/sfbx1728.pfb></usr/share/texmf/fonts/type1/public/cm-supe
r/sfbx2488.pfb></usr/share/texmf/fonts/type1/public/cm-super/sfcc1000.pfb></usr
/share/texmf/fonts/type1/public/cm-super/sfrm0500.pfb></usr/share/texmf/fonts/t
ype1/public/cm-super/sfrm0800.pfb></usr/share/texmf/fonts/type1/public/cm-super
/sfrm0900.pfb></usr/share/texmf/fonts/type1/public/cm-super/sfrm1000.pfb></usr/
share/texmf/fonts/type1/public/cm-super/sfsl1000.pfb></usr/share/texmf/fonts/ty
pe1/public/cm-super/sfti0500.pfb></usr/share/texmf/fonts/type1/public/cm-super/
sfti0800.pfb></usr/share/texmf/fonts/type1/public/cm-super/sfti1000.pfb></usr/s
hare/texmf/fonts/type1/public/cm-super/sftt0900.pfb>
Output written on main.pdf (170 pages, 6226145 bytes).
PDF statistics:
 1096 PDF objects out of 1200 (max. 8388607)
 826 compressed objects within 9 object streams
 283 named destinations out of 1000 (max. 500000)
 62592 words of extra memory for PDF output out of 74296 (max. 10000000)

