\BOOKMARK [0][-]{chapter.1}{\376\377\000I\000l\000\040\000c\000o\000l\000l\000o\000q\000u\000i\000o\000\040\000d\000i\000\040\000C\000a\000t\000e\000r\000i\000n\000a}{}% 1
\BOOKMARK [1][-]{section.1.1}{\376\377\000R\000i\000p\000a\000s\000s\000a\000t\000a\000\040\000p\000r\000i\000m\000a\000\040\000d\000e\000l\000l\000'\000e\000s\000a\000m\000e}{chapter.1}% 2
\BOOKMARK [2][-]{subsection.1.1.1}{\376\377\000L\000'\000a\000t\000t\000e\000s\000a\000\040\000d\000e\000l\000l\000'\000e\000s\000a\000m\000e}{section.1.1}% 3
\BOOKMARK [2][-]{subsection.1.1.2}{\376\377\000L\000'\000e\000s\000a\000m\000e\000\040\000c\000o\000n\000\040\000i\000l\000\040\000p\000r\000o\000f\000e\000s\000s\000o\000r\000\040\000S\000h\000o\000r}{section.1.1}% 4
\BOOKMARK [1][-]{section.1.2}{\376\377\000L\000'\000a\000m\000i\000c\000a\000\040\000a\000\040\000c\000e\000n\000a}{chapter.1}% 5
\BOOKMARK [1][-]{section.1.3}{\376\377\000L\000a\000\040\000t\000r\000a\000p\000p\000o\000l\000a\000\040\000d\000i\000\040\000E\000v\000a}{chapter.1}% 6
\BOOKMARK [0][-]{chapter.2}{\376\377\000L\000'\000a\000t\000t\000a\000c\000c\000o\000\040\000d\000e\000l\000l\000'\000H\000R\000\040\000M\000a\000n\000a\000g\000e\000r}{}% 7
\BOOKMARK [0][-]{chapter.3}{\376\377\000L\000o\000\040\000s\000p\000a\000z\000i\000o\000\040\000d\000e\000i\000\040\000q\000u\000b\000i\000t\000\040\000p\000e\000r\000d\000u\000t\000i}{}% 8
\BOOKMARK [1][-]{section.3.1}{\376\377\000I\000n\000c\000e\000r\000t\000e\000z\000z\000a}{chapter.3}% 9
\BOOKMARK [1][-]{section.3.2}{\376\377\000I\000l\000\040\000s\000a\000c\000r\000i\000f\000i\000c\000i\000o\000\040\000d\000i\000\040\000C\000a\000t\000e\000r\000i\000n\000a}{chapter.3}% 10
\BOOKMARK [1][-]{section.3.3}{\376\377\000F\000u\000g\000a\000\040\000v\000e\000r\000s\000o\000\040\000i\000l\000\040\000q\000u\000a\000n\000t\000m\000\040\000m\000e\000a\000s\000u\000r\000e\000m\000e\000n\000t}{chapter.3}% 11
\BOOKMARK [0][-]{chapter.4}{\376\377\000L\000a\000\040\000v\000e\000r\000i\000t\000\340\000\040\000d\000e\000l\000\040\000c\000u\000o\000r\000e}{}% 12
\BOOKMARK [1][-]{section.4.1}{\376\377\000I\000l\000\040\000C\000o\000n\000f\000l\000i\000t\000t\000o\000\040\000c\000o\000n\000\040\000i\000l\000\040\000S\000u\000p\000e\000r\000v\000i\000s\000o\000r\000e}{chapter.4}% 13
\BOOKMARK [1][-]{section.4.2}{\376\377\000I\000\040\000c\000o\000r\000r\000i\000d\000o\000i\000\040\000i\000n\000e\000s\000p\000l\000o\000r\000a\000t\000i\000\040\000d\000e\000l\000\040\000c\000u\000o\000r\000e}{chapter.4}% 14
\BOOKMARK [0][-]{chapter.5}{\376\377\000A\000l\000\040\000c\000o\000s\000p\000e\000t\000t\000o\000\040\000d\000e\000l\000\040\000C\000o\000m\000m\000i\000s\000s\000a\000r\000i\000o}{}% 15
\BOOKMARK [1][-]{section.5.1}{\376\377\000L\000'\000i\000n\000t\000e\000r\000r\000o\000g\000a\000t\000o\000r\000i\000o}{chapter.5}% 16
\BOOKMARK [1][-]{section.5.2}{\376\377\000L\000a\000\040\000F\000u\000g\000a\000\040\000e\000\040\000l\000a\000\040\000T\000r\000a\000p\000p\000o\000l\000a}{chapter.5}% 17
\BOOKMARK [0][-]{chapter.6}{\376\377\000L\000e\000\040\000u\000r\000l\000a\000\040\000d\000e\000l\000\040\000c\000o\000l\000l\000a\000s\000s\000o}{}% 18
\BOOKMARK [1][-]{section.6.1}{\376\377\000I\000\040\000d\000u\000e\000\040\000a\000g\000e\000n\000t\000i}{chapter.6}% 19
\BOOKMARK [1][-]{section.6.2}{\376\377\000L\000a\000\040\000F\000u\000g\000a\000\040\000s\000u\000l\000\040\000D\000r\000o\000n\000e\000\040\000C\000H\0004}{chapter.6}% 20
\BOOKMARK [1][-]{section.6.3}{\376\377\000I\000l\000\040\000P\000i\000a\000n\000o\000\040\000d\000i\000\040\000F\000u\000g\000a}{chapter.6}% 21
\BOOKMARK [0][-]{chapter.7}{\376\377\000L\000a\000\040\000f\000u\000g\000a\000\040\000d\000i\000\040\000L\000a\000u\000r\000a}{}% 22
\BOOKMARK [1][-]{section.7.1}{\376\377\000I\000l\000\040\000D\000r\000o\000n\000e\000\040\000C\000H\0004}{chapter.7}% 23
\BOOKMARK [1][-]{section.7.2}{\376\377\000A\000t\000t\000r\000a\000v\000e\000r\000s\000a\000m\000e\000n\000t\000o\000\040\000d\000e\000l\000\040\000G\000a\000t\000e\000\040\000d\000i\000\040\000H\000a\000d\000a\000m\000a\000r\000d}{chapter.7}% 24
\BOOKMARK [1][-]{section.7.3}{\376\377\000C\000o\000n\000c\000e\000n\000t\000r\000a\000s\000r\000i\000\040\000s\000u\000l\000l\000a\000\040\000f\000u\000g\000a}{chapter.7}% 25
\BOOKMARK [0][-]{chapter.8}{\376\377\000U\000n\000\040\000p\000r\000o\000b\000l\000e\000m\000a\000\040\000i\000n\000t\000r\000i\000g\000a\000t\000o}{}% 26
\BOOKMARK [1][-]{section.8.1}{\376\377\000L\000a\000u\000r\000a\000\040\000p\000a\000s\000s\000a\000\040\000a\000l\000l\000'\000a\000z\000i\000o\000n\000e}{chapter.8}% 27
\BOOKMARK [1][-]{section.8.2}{\376\377\000I\000l\000\040\000C\000o\000m\000m\000i\000s\000s\000a\000r\000i\000o\000\040\000P\000r\000e\000n\000d\000e\000\040\000M\000i\000s\000u\000r\000e\000\040\000D\000r\000a\000s\000t\000i\000c\000h\000e}{chapter.8}% 28
\BOOKMARK [1][-]{section.8.3}{\376\377\000L\000a\000u\000r\000a\000\040\000I\000n\000t\000r\000a\000p\000p\000o\000l\000a\000t\000a\000\040\000n\000e\000l\000l\000a\000\040\000C\000r\000i\000p\000t\000a\000z\000i\000o\000n\000e}{chapter.8}% 29
\BOOKMARK [1][-]{section.8.4}{\376\377\000R\000i\000f\000l\000e\000s\000s\000i\000o\000n\000e\000\040\000d\000i\000\040\000L\000a\000u\000r\000a}{chapter.8}% 30
\BOOKMARK [0][-]{chapter.9}{\376\377\000I\000l\000\040\000c\000o\000n\000f\000r\000o\000n\000t\000o\000\040\000c\000o\000n\000\040\000i\000l\000\040\000C\000o\000m\000m\000i\000s\000s\000a\000r\000i\000o}{}% 31
\BOOKMARK [1][-]{section.9.1}{\376\377\000I\000l\000\040\000M\000e\000s\000s\000a\000g\000g\000i\000o\000\040\000d\000i\000\040\000S\000h\000o\000r}{chapter.9}% 32
\BOOKMARK [1][-]{section.9.2}{\376\377\000L\000a\000\040\000D\000e\000c\000i\000f\000r\000a\000z\000i\000o\000n\000e}{chapter.9}% 33
\BOOKMARK [1][-]{section.9.3}{\376\377\000L\000'\000A\000c\000c\000u\000s\000a\000\040\000a\000l\000\040\000C\000o\000m\000m\000i\000s\000s\000a\000r\000i\000o}{chapter.9}% 34
\BOOKMARK [1][-]{section.9.4}{\376\377\000L\000a\000\040\000L\000i\000b\000e\000r\000a\000z\000i\000o\000n\000e}{chapter.9}% 35
\BOOKMARK [1][-]{section.9.5}{\376\377\000I\000l\000\040\000C\000o\000m\000m\000i\000s\000s\000a\000r\000i\000o\000\040\000e\000\040\000l\000'\000E\000n\000t\000a\000n\000g\000l\000e\000m\000e\000n\000t}{chapter.9}% 36
\BOOKMARK [1][-]{section.9.6}{\376\377\000L\000'\000U\000r\000l\000o\000\040\000d\000i\000\040\000M\000a\000r\000l\000e\000y}{chapter.9}% 37
\BOOKMARK [1][-]{section.9.7}{\376\377\000I\000l\000\040\000S\000a\000c\000r\000i\000f\000i\000c\000i\000o\000\040\000d\000i\000\040\000S\000h\000o\000r}{chapter.9}% 38
\BOOKMARK [1][-]{section.9.8}{\376\377\000L\000a\000\040\000L\000i\000b\000e\000r\000t\000\340\000\040\000d\000i\000\040\000L\000a\000u\000r\000a\000\040\000e\000\040\000C\000a\000t\000e\000r\000i\000n\000a}{chapter.9}% 39
\BOOKMARK [1][-]{section.9.9}{\376\377\000L\000'\000i\000r\000a\000\040\000d\000e\000l\000\040\000Q\000u\000a\000n\000t\000u\000m\000\040\000M\000a\000s\000t\000e\000r\000\040\000P\000r\000o\000g\000r\000a\000m}{chapter.9}% 40
\BOOKMARK [1][-]{section.9.10}{\376\377\000L\000'\000I\000n\000g\000a\000n\000n\000o\000\040\000d\000e\000l\000l\000a\000\040\000T\000e\000m\000p\000e\000r\000a\000t\000u\000r\000a}{chapter.9}% 41
\BOOKMARK [1][-]{section.9.11}{\376\377\000L\000a\000\040\000D\000i\000r\000e\000z\000i\000o\000n\000e\000\040\000v\000e\000r\000s\000o\000\040\000i\000l\000\040\000Q\000u\000a\000n\000t\000u\000m\000\040\000C\000h\000a\000n\000n\000e\000l}{chapter.9}% 42
\BOOKMARK [1][-]{section.9.12}{\376\377\000L\000'\000I\000n\000s\000e\000g\000u\000i\000m\000e\000n\000t\000o\000\040\000d\000e\000i\000\040\000D\000r\000o\000n\000i}{chapter.9}% 43
\BOOKMARK [1][-]{section.9.13}{\376\377\000I\000l\000\040\000T\000u\000f\000f\000o\000\040\000n\000e\000l\000\040\000Q\000u\000a\000n\000t\000u\000m\000\040\000A\000n\000n\000e\000a\000l\000i\000n\000g}{chapter.9}% 44
\BOOKMARK [0][-]{chapter.10}{\376\377\000R\000i\000t\000o\000r\000n\000o\000\040\000a\000l\000l\000a\000\040\000R\000e\000a\000l\000t\000\340}{}% 45
\BOOKMARK [1][-]{section.10.1}{\376\377\000L\000a\000\040\000q\000u\000i\000e\000t\000e\000\040\000d\000o\000p\000o\000\040\000i\000l\000\040\000P\000r\000o\000c\000e\000s\000s\000o\000\040\000d\000i\000\040\000A\000n\000n\000e\000a\000l\000i\000n\000g}{chapter.10}% 46
\BOOKMARK [1][-]{section.10.2}{\376\377\000L\000'\000I\000n\000c\000o\000n\000t\000r\000o\000\040\000c\000o\000n\000\040\000E\000v\000a}{chapter.10}% 47
\BOOKMARK [1][-]{section.10.3}{\376\377\000D\000i\000a\000l\000o\000g\000o\000\040\000t\000r\000a\000\040\000Q\000M\000P\000\040\000e\000\040\000P\000z\000I\000A}{chapter.10}% 48
\BOOKMARK [1][-]{section.10.4}{\376\377\000L\000a\000\040\000R\000i\000v\000e\000l\000a\000z\000i\000o\000n\000e\000\040\000d\000e\000l\000l\000a\000\040\000P\000z\000I\000A}{chapter.10}% 49
\BOOKMARK [0][-]{chapter.11}{\376\377\000F\000i\000n\000e\000?}{}% 50
